
ROM used:   140/65536 (0%)
            140/65536 (0%) including unused fragments

            0.1 Average locations per line
            0.4 Average locations per statement

RAM used:   15/3968 (0%) at main() level
            19/3968 (0%) worst case

Stack used: 1 worst case (1 in main + 0 for interrupts)
Stack size: 31

Lines Stmts  %   Files
----- ----- ---  -----
   33    12   3  main1-3.c
  834     0   0  ..\..\..\..\..\..\Program Files (x86)\PICC\Devices\18f4620.h
   37     0   0  ..\..\..\..\..\..\Program Files (x86)\PICC\Drivers\stdio.h
  423     0   0  ..\..\..\..\..\..\Program Files (x86)\PICC\Drivers\string.h
   32     0   0  ..\..\..\..\..\..\Program Files (x86)\PICC\Drivers\stddef.h
   28     0   0  ..\..\..\..\..\..\Program Files (x86)\PICC\Drivers\ctype.h
 1351   359  97  ..\..\..\..\..\..\Program Files (x86)\PICC\Drivers\stdlib.h
----- -----
 2738   371 Total

Page ROM  %  RAM   Vol Diff  Functions:
---- --- --- ---   --- ----  ----------
0     42  15    1             @delay_ms1
0     94  34    5   310  4.3  MAIN
 Inline         0             @cinit1

Program metrics:
    Functions               1
    Statements              371
    Comments                694
    Volume (V)              314
    Difficulty (D)          4.1
    Effort to implement (E) 1276
    Time to implement (T)   1 minutes
    Est Delivered Bugs (B)  0
    Cyclomatic Complexity   1
    Maintainability (MI)    46

 Segment     Used  Free
-----------  ----  ----
00000-00002     4  0  
00004-0FFFE   136  65396  



