
ROM used:   362/65536 (1%)
            362/65536 (1%) including unused fragments

            0.1 Average locations per line
            0.9 Average locations per statement

RAM used:   36/3968 (1%) at main() level
            36/3968 (1%) worst case

Stack used: 1 worst case (0 in main + 1 for interrupts)
Stack size: 31

Lines Stmts  %   Files
----- ----- ---  -----
  104    49  12  pct4.c
  834     0   0  ..\..\..\..\Program Files (x86)\PICC\Devices\18F4620.h
   37     0   0  ..\..\..\..\Program Files (x86)\PICC\Drivers\stdio.h
  423     0   0  ..\..\..\..\Program Files (x86)\PICC\Drivers\string.h
   32     0   0  ..\..\..\..\Program Files (x86)\PICC\Drivers\stddef.h
   28     0   0  ..\..\..\..\Program Files (x86)\PICC\Drivers\ctype.h
 1351   359  88  ..\..\..\..\Program Files (x86)\PICC\Drivers\stdlib.h
----- -----
 2809   408 Total

Page ROM  %  RAM   Vol Diff  Functions:
---- --- --- ---   --- ----  ----------
0     22   3    0    65  1.5  timer_0
0    194  27    0  1024  4.4  MAIN
 Inline         0             @cinit1

Program metrics:
    Functions               2
    Statements              408
    Comments                704
    Volume (V)              1176
    Difficulty (D)          6.1
    Effort to implement (E) 7178
    Time to implement (T)   7 minutes
    Est Delivered Bugs (B)  0
    Cyclomatic Complexity   8
    Maintainability (MI)    15

 Segment     Used  Free
-----------  ----  ----
00000-00002     4  0  
00004-00006     0  4  
00008-00094   142  0  
00096-0FFFE   216  65170  



