
ROM used:   122/65536 (0%)
            122/65536 (0%) including unused fragments

            0.0 Average locations per line
            0.3 Average locations per statement

RAM used:   11/3968 (0%) at main() level
            13/3968 (0%) worst case

Stack used: 1 worst case (1 in main + 0 for interrupts)
Stack size: 31

Lines Stmts  %   Files
----- ----- ---  -----
   32    11   3  main2.c
  834     0   0  ..\..\..\..\..\..\Program Files (x86)\PICC\Devices\18f4620.h
   37     0   0  ..\..\..\..\..\..\Program Files (x86)\PICC\Drivers\stdio.h
  423     0   0  ..\..\..\..\..\..\Program Files (x86)\PICC\Drivers\string.h
   32     0   0  ..\..\..\..\..\..\Program Files (x86)\PICC\Drivers\stddef.h
   28     0   0  ..\..\..\..\..\..\Program Files (x86)\PICC\Drivers\ctype.h
 1351   359  97  ..\..\..\..\..\..\Program Files (x86)\PICC\Drivers\stdlib.h
----- -----
 2737   370 Total

Page ROM  %  RAM   Vol Diff  Functions:
---- --- --- ---   --- ----  ----------
0     42  17    1             @delay_ms1
0     76  31    1   252  3.7  MAIN
 Inline         0             @cinit1

Program metrics:
    Functions               1
    Statements              370
    Comments                693
    Volume (V)              256
    Difficulty (D)          3.4
    Effort to implement (E) 874
    Time to implement (T)   1 minutes
    Est Delivered Bugs (B)  0
    Cyclomatic Complexity   1
    Maintainability (MI)    49

 Segment     Used  Free
-----------  ----  ----
00000-00002     4  0  
00004-0FFFE   118  65414  



