
ROM used:   344/65536 (1%)
            344/65536 (1%) including unused fragments

            0.1 Average locations per line
            0.8 Average locations per statement

RAM used:   19/3968 (0%) at main() level
            21/3968 (1%) worst case

Stack used: 1 worst case (1 in main + 0 for interrupts)
Stack size: 31

Lines Stmts  %   Files
----- ----- ---  -----
  149    49  12  main.c
  834     0   0  ..\..\..\..\..\Program Files (x86)\PICC\Devices\18f4620.h
   37     0   0  ..\..\..\..\..\Program Files (x86)\PICC\Drivers\stdio.h
  423     0   0  ..\..\..\..\..\Program Files (x86)\PICC\Drivers\string.h
   32     0   0  ..\..\..\..\..\Program Files (x86)\PICC\Drivers\stddef.h
   28     0   0  ..\..\..\..\..\Program Files (x86)\PICC\Drivers\ctype.h
 1351   359  88  ..\..\..\..\..\Program Files (x86)\PICC\Drivers\stdlib.h
----- -----
 2854   408 Total

Page ROM  %  RAM   Vol Diff  Functions:
---- --- --- ---   --- ----  ----------
0     42   6    1   485  7.8  @delay_ms1
0    298  43    2  1323  6.8  MAIN
 Inline         0             @cinit1

Program metrics:
    Functions               2
    Statements              408
    Comments                746
    Volume (V)              2063
    Difficulty (D)          14.5
    Effort to implement (E) 29921
    Time to implement (T)   28 minutes
    Est Delivered Bugs (B)  0
    Cyclomatic Complexity   15
    Maintainability (MI)    -3

 Segment     Used  Free
-----------  ----  ----
00000-00002     4  0  
00004-0FFFE   340  65192  



