
ROM used:   448/65536 (1%)
            448/65536 (1%) including unused fragments

            0.2 Average locations per line
            1.1 Average locations per statement

RAM used:   64/3968 (2%) at main() level
            67/3968 (2%) worst case

Stack used: 2 worst case (1 in main + 1 for interrupts)
Stack size: 31

Lines Stmts  %   Files
----- ----- ---  -----
   87    32   8  mainS.c
  834     0   0  ..\..\..\..\..\Program Files (x86)\PICC\Devices\18f4620.h
   37     0   0  ..\..\..\..\..\Program Files (x86)\PICC\Drivers\stdio.h
  423     0   0  ..\..\..\..\..\Program Files (x86)\PICC\Drivers\string.h
   32     0   0  ..\..\..\..\..\Program Files (x86)\PICC\Drivers\stddef.h
   28     0   0  ..\..\..\..\..\Program Files (x86)\PICC\Drivers\ctype.h
 1351   359  92  ..\..\..\..\..\Program Files (x86)\PICC\Drivers\stdlib.h
----- -----
 2792   391 Total

Page ROM  %  RAM   Vol Diff  Functions:
---- --- --- ---   --- ----  ----------
0     94  10    2   320  4.6  isr_rda
0    146  16    2   533  6.5  MAIN
0     24   3    0             @const927
0     34   4    2             @PSTRINGC_9600_31766_31767
0      4   0    0             @const929
 Inline         0             @cinit1

Program metrics:
    Functions               2
    Statements              391
    Comments                693
    Volume (V)              1010
    Difficulty (D)          10.6
    Effort to implement (E) 10683
    Time to implement (T)   10 minutes
    Est Delivered Bugs (B)  0
    Cyclomatic Complexity   6
    Maintainability (MI)    26

 Segment     Used  Free
-----------  ----  ----
00000-00002     4  0  
00004-00006     0  4  
00008-00094   142  0  
00096-0FFFE   302  65084  



