
ROM used:   218/65536 (0%)
            218/65536 (0%) including unused fragments

            0.1 Average locations per line
            0.6 Average locations per statement

RAM used:   14/3968 (0%) at main() level
            18/3968 (0%) worst case

Stack used: 1 worst case (1 in main + 0 for interrupts)
Stack size: 31

Lines Stmts  %   Files
----- ----- ---  -----
   77    20   5  main.c
  834     0   0  ..\..\..\..\..\Program Files (x86)\PICC\Devices\18f4620.h
   37     0   0  ..\..\..\..\..\Program Files (x86)\PICC\Drivers\stdio.h
  423     0   0  ..\..\..\..\..\Program Files (x86)\PICC\Drivers\string.h
   32     0   0  ..\..\..\..\..\Program Files (x86)\PICC\Drivers\stddef.h
   28     0   0  ..\..\..\..\..\Program Files (x86)\PICC\Drivers\ctype.h
 1351   359  95  ..\..\..\..\..\Program Files (x86)\PICC\Drivers\stdlib.h
----- -----
 2782   379 Total

Page ROM  %  RAM   Vol Diff  Functions:
---- --- --- ---   --- ----  ----------
0     42  10    1             @delay_ms1
0    172  39    4   464  4.9  MAIN
 Inline         0   320  3.4  @cinit1

Program metrics:
    Functions               2
    Statements              379
    Comments                721
    Volume (V)              928
    Difficulty (D)          8.1
    Effort to implement (E) 7548
    Time to implement (T)   7 minutes
    Est Delivered Bugs (B)  0
    Cyclomatic Complexity   3
    Maintainability (MI)    8

 Segment     Used  Free
-----------  ----  ----
00000-00002     4  0  
00004-0FFFE   214  65318  



