
ROM used:   1346/65536 (2%)
            1346/65536 (2%) including unused fragments

            0.5 Average locations per line
            2.5 Average locations per statement

RAM used:   38/3968 (1%) at main() level
            48/3968 (1%) worst case

Stack used: 3 worst case (2 in main + 1 for interrupts)
Stack size: 31

Lines Stmts  %   Files
----- ----- ---  -----
  120    53  10  maestro-esclavo.c
  834     0   0  ..\..\..\..\Program Files (x86)\PICC\Devices\18F4620.h
 1351   359  67  ..\..\..\..\Program Files (x86)\PICC\Drivers\stdlib.h
   32     0   0  ..\..\..\..\Program Files (x86)\PICC\Drivers\stddef.h
  423   125  23  ..\..\..\..\Program Files (x86)\PICC\Drivers\string.h
   28     0   0  ..\..\..\..\Program Files (x86)\PICC\Drivers\ctype.h
----- -----
 2788   537 Total

Page ROM  %  RAM   Vol Diff  Functions:
---- --- --- ---   --- ----  ----------
0     72   3    3             @I2C_READ_1
0     72   3    1             @I2C_WRITE_1
0     16   1    0    33  1.3  timer0
0    628  23    0   852  4.8  MAIN
0     14   1    0             @const946
0     34   1    2             @PSTRINGC_9600_31766_31767
0     14   1    0             @const948
0     40   1    3             @DIV88
0    108   4    2             @PRINTF_U_9600_31766_31767
0     32   1    3             @PSTRINGCN_9600_31766_31767
0     14   1    0             @const958
0     34   1    0             @const959
0     42   2    0             @const961
0     40   1    2             @PSTRINGR_9600_31766_31767
0     40   1    3   166  4.7  converBCD
 Inline         5   365  3.1  rtc_get_time
 Inline         6   448  3.2  rtc_get_date
 Inline         0             @cinit1

Program metrics:
    Functions               5
    Statements              537
    Comments                934
    Volume (V)              2567
    Difficulty (D)          16.3
    Effort to implement (E) 41862
    Time to implement (T)   39 minutes
    Est Delivered Bugs (B)  0
    Cyclomatic Complexity   3
    Maintainability (MI)    99

 Segment     Used  Free
-----------  ----  ----
00000-00002     4  0  
00004-00006     0  4  
00008-00094   142  0  
00096-0FFFE  1200  64186  



